Using pre-set license
Built from '2020.3/staging' branch; Version is '2020.3.5f1 (8095aa901b9b) revision 8426922'; Using compiler version '192528614'; Build Type 'Release'
OS: 'Windows 10 Home Single Language; OS build 19042.1110; Version 2009; 64bit' Language: 'es' Physical Memory: 8039 MB
BatchMode: 1, IsHumanControllingUs: 0, StartBugReporterOnCrash: 0, Is64bit: 1, IsPro: 0

 COMMAND LINE ARGUMENTS:
C:\Program Files\Unity\Hub\Editor\2020.3.5f1\Editor\Unity.exe
-adb2
-batchMode
-noUpm
-name
AssetImportWorker0
-projectPath
C:/Users/Acer/Documents/GitHUB/PFinalTCG version 5/PFinalTCG version 4
-logFile
Logs/AssetImportWorker0.log
-srvPort
54604
Successfully changed project path to: C:/Users/Acer/Documents/GitHUB/PFinalTCG version 5/PFinalTCG version 4
C:/Users/Acer/Documents/GitHUB/PFinalTCG version 5/PFinalTCG version 4
Using Asset Import Pipeline V2.
